{"total": {"lines":{"total":205,"covered":146,"skipped":0,"pct":71.21},"statements":{"total":222,"covered":158,"skipped":0,"pct":71.17},"functions":{"total":40,"covered":32,"skipped":0,"pct":80},"branches":{"total":48,"covered":33,"skipped":0,"pct":68.75},"branchesTrue":{"total":0,"covered":0,"skipped":0,"pct":100}}
,"/Volumes/Sem Título 1/Documentos/Trybe/projetos/sd-028-b-store-manager/backend/src/controllers/index.js": {"lines":{"total":3,"covered":3,"skipped":0,"pct":100},"functions":{"total":0,"covered":0,"skipped":0,"pct":100},"statements":{"total":3,"covered":3,"skipped":0,"pct":100},"branches":{"total":0,"covered":0,"skipped":0,"pct":100}}
,"/Volumes/Sem Título 1/Documentos/Trybe/projetos/sd-028-b-store-manager/backend/src/controllers/products.controller.js": {"lines":{"total":28,"covered":23,"skipped":0,"pct":82.14},"functions":{"total":5,"covered":4,"skipped":0,"pct":80},"statements":{"total":29,"covered":24,"skipped":0,"pct":82.75},"branches":{"total":6,"covered":4,"skipped":0,"pct":66.66}}
,"/Volumes/Sem Título 1/Documentos/Trybe/projetos/sd-028-b-store-manager/backend/src/controllers/sales.controller.js": {"lines":{"total":21,"covered":16,"skipped":0,"pct":76.19},"functions":{"total":4,"covered":3,"skipped":0,"pct":75},"statements":{"total":23,"covered":17,"skipped":0,"pct":73.91},"branches":{"total":6,"covered":3,"skipped":0,"pct":50}}
,"/Volumes/Sem Título 1/Documentos/Trybe/projetos/sd-028-b-store-manager/backend/src/middlewares/validateFieldProduct.js": {"lines":{"total":13,"covered":7,"skipped":0,"pct":53.84},"functions":{"total":2,"covered":1,"skipped":0,"pct":50},"statements":{"total":15,"covered":8,"skipped":0,"pct":53.33},"branches":{"total":6,"covered":3,"skipped":0,"pct":50}}
,"/Volumes/Sem Título 1/Documentos/Trybe/projetos/sd-028-b-store-manager/backend/src/middlewares/validateSalesError.js": {"lines":{"total":16,"covered":14,"skipped":0,"pct":87.5},"functions":{"total":5,"covered":5,"skipped":0,"pct":100},"statements":{"total":19,"covered":17,"skipped":0,"pct":89.47},"branches":{"total":6,"covered":4,"skipped":0,"pct":66.66}}
,"/Volumes/Sem Título 1/Documentos/Trybe/projetos/sd-028-b-store-manager/backend/src/middlewares/schemas/sales.schema.js": {"lines":{"total":4,"covered":0,"skipped":0,"pct":0},"functions":{"total":0,"covered":0,"skipped":0,"pct":100},"statements":{"total":4,"covered":0,"skipped":0,"pct":0},"branches":{"total":0,"covered":0,"skipped":0,"pct":100}}
,"/Volumes/Sem Título 1/Documentos/Trybe/projetos/sd-028-b-store-manager/backend/src/models/connection.js": {"lines":{"total":3,"covered":3,"skipped":0,"pct":100},"functions":{"total":0,"covered":0,"skipped":0,"pct":100},"statements":{"total":3,"covered":3,"skipped":0,"pct":100},"branches":{"total":10,"covered":10,"skipped":0,"pct":100}}
,"/Volumes/Sem Título 1/Documentos/Trybe/projetos/sd-028-b-store-manager/backend/src/models/index.js": {"lines":{"total":3,"covered":3,"skipped":0,"pct":100},"functions":{"total":0,"covered":0,"skipped":0,"pct":100},"statements":{"total":3,"covered":3,"skipped":0,"pct":100},"branches":{"total":0,"covered":0,"skipped":0,"pct":100}}
,"/Volumes/Sem Título 1/Documentos/Trybe/projetos/sd-028-b-store-manager/backend/src/models/products.model.js": {"lines":{"total":21,"covered":19,"skipped":0,"pct":90.47},"functions":{"total":6,"covered":5,"skipped":0,"pct":83.33},"statements":{"total":21,"covered":19,"skipped":0,"pct":90.47},"branches":{"total":0,"covered":0,"skipped":0,"pct":100}}
,"/Volumes/Sem Título 1/Documentos/Trybe/projetos/sd-028-b-store-manager/backend/src/models/sales.model.js": {"lines":{"total":21,"covered":17,"skipped":0,"pct":80.95},"functions":{"total":6,"covered":4,"skipped":0,"pct":66.66},"statements":{"total":21,"covered":17,"skipped":0,"pct":80.95},"branches":{"total":0,"covered":0,"skipped":0,"pct":100}}
,"/Volumes/Sem Título 1/Documentos/Trybe/projetos/sd-028-b-store-manager/backend/src/routes/index.js": {"lines":{"total":3,"covered":0,"skipped":0,"pct":0},"functions":{"total":0,"covered":0,"skipped":0,"pct":100},"statements":{"total":3,"covered":0,"skipped":0,"pct":0},"branches":{"total":0,"covered":0,"skipped":0,"pct":100}}
,"/Volumes/Sem Título 1/Documentos/Trybe/projetos/sd-028-b-store-manager/backend/src/routes/product.router.js": {"lines":{"total":10,"covered":0,"skipped":0,"pct":0},"functions":{"total":0,"covered":0,"skipped":0,"pct":100},"statements":{"total":10,"covered":0,"skipped":0,"pct":0},"branches":{"total":0,"covered":0,"skipped":0,"pct":100}}
,"/Volumes/Sem Título 1/Documentos/Trybe/projetos/sd-028-b-store-manager/backend/src/routes/sales.route.js": {"lines":{"total":9,"covered":0,"skipped":0,"pct":0},"functions":{"total":0,"covered":0,"skipped":0,"pct":100},"statements":{"total":9,"covered":0,"skipped":0,"pct":0},"branches":{"total":0,"covered":0,"skipped":0,"pct":100}}
,"/Volumes/Sem Título 1/Documentos/Trybe/projetos/sd-028-b-store-manager/backend/src/services/index.js": {"lines":{"total":3,"covered":3,"skipped":0,"pct":100},"functions":{"total":0,"covered":0,"skipped":0,"pct":100},"statements":{"total":3,"covered":3,"skipped":0,"pct":100},"branches":{"total":0,"covered":0,"skipped":0,"pct":100}}
,"/Volumes/Sem Título 1/Documentos/Trybe/projetos/sd-028-b-store-manager/backend/src/services/products.service.js": {"lines":{"total":23,"covered":18,"skipped":0,"pct":78.26},"functions":{"total":5,"covered":4,"skipped":0,"pct":80},"statements":{"total":26,"covered":20,"skipped":0,"pct":76.92},"branches":{"total":6,"covered":4,"skipped":0,"pct":66.66}}
,"/Volumes/Sem Título 1/Documentos/Trybe/projetos/sd-028-b-store-manager/backend/src/services/sales.service.js": {"lines":{"total":24,"covered":20,"skipped":0,"pct":83.33},"functions":{"total":7,"covered":6,"skipped":0,"pct":85.71},"statements":{"total":30,"covered":24,"skipped":0,"pct":80},"branches":{"total":8,"covered":5,"skipped":0,"pct":62.5}}
}
